<?xml version="1.0" encoding="UTF-8"?>
<robot generator="Robot 3.2.2 (Python 3.9.0 on win32)" generated="20201203 09:53:23.419" rpa="false">
<suite id="s1" name="Test" source="D:\Mai\robotframework\projects\Ex06_MaiDT_24h\5_test_cases\test.robot">
<test id="s1-t1" name="Test">
<kw name="[Common] - Open browser" library="web_common" type="setup">
<arguments>
<arg>${url}</arg>
<arg>${browser}</arg>
</arguments>
<kw name="Open Browser" library="SeleniumLibrary">
<doc>Opens a new browser instance to the optional ``url``.</doc>
<arguments>
<arg>${url}</arg>
<arg>${browser}</arg>
</arguments>
<msg timestamp="20201203 09:53:23.577" level="INFO">Opening browser 'chrome' to base url 'https://www.24h.com.vn'.</msg>
<status status="PASS" starttime="20201203 09:53:23.577" endtime="20201203 09:53:30.758"></status>
</kw>
<kw name="Maximize Browser Window" library="SeleniumLibrary">
<doc>Maximizes current browser window.</doc>
<status status="PASS" starttime="20201203 09:53:30.758" endtime="20201203 09:53:32.872"></status>
</kw>
<status status="PASS" starttime="20201203 09:53:23.576" endtime="20201203 09:53:32.872"></status>
</kw>
<kw name="Create List" library="BuiltIn">
<doc>Returns a list containing given items.</doc>
<arguments>
<arg>BÓNG ĐÁ</arg>
<arg>KINH DOANH</arg>
<arg>THỊ TRƯỜNG</arg>
<arg>SỨC KHỎE</arg>
<arg>HI-TECH</arg>
<arg>SHOWBIZ</arg>
<arg>THẾ GIỚI</arg>
<arg>PHÁI ĐẸP</arg>
<arg>THỂ THAO</arg>
<arg>NGOẠI HẠNG ANH</arg>
<arg>XEM LỊCH</arg>
</arguments>
<assign>
<var>${expected_list}</var>
</assign>
<msg timestamp="20201203 09:53:32.879" level="INFO">${expected_list} = ['BÓNG ĐÁ', 'KINH DOANH', 'THỊ TRƯỜNG', 'SỨC KHỎE', 'HI-TECH', 'SHOWBIZ', 'THẾ GIỚI', 'PHÁI ĐẸP', 'THỂ THAO', 'NGOẠI HẠNG ANH', 'XEM LỊCH']</msg>
<status status="PASS" starttime="20201203 09:53:32.873" endtime="20201203 09:53:32.880"></status>
</kw>
<kw name="Set Global Variable" library="BuiltIn">
<doc>Makes a variable available globally in all tests and suites.</doc>
<arguments>
<arg>${expected_list}</arg>
</arguments>
<msg timestamp="20201203 09:53:32.882" level="INFO">${expected_list} = ['BÓNG ĐÁ', 'KINH DOANH', 'THỊ TRƯỜNG', 'SỨC KHỎE', 'HI-TECH', 'SHOWBIZ', 'THẾ GIỚI', 'PHÁI ĐẸP', 'THỂ THAO', 'NGOẠI HẠNG ANH', 'XEM LỊCH']</msg>
<status status="PASS" starttime="20201203 09:53:32.881" endtime="20201203 09:53:32.882"></status>
</kw>
<kw name="Create List" library="BuiltIn">
<doc>Returns a list containing given items.</doc>
<assign>
<var>${actual_list}</var>
</assign>
<msg timestamp="20201203 09:53:32.884" level="INFO">${actual_list} = []</msg>
<status status="PASS" starttime="20201203 09:53:32.884" endtime="20201203 09:53:32.884"></status>
</kw>
<kw name="${index} IN RANGE [ 1 | 12 ]" type="for">
<kw name="${index} = 1" type="foritem">
<kw name="Get Text" library="SeleniumLibrary">
<doc>Returns the text value of the element identified by ``locator``.</doc>
<arguments>
<arg>//header[@id='headerd']//li[@class='rlt'][${index}]</arg>
</arguments>
<assign>
<var>${value}</var>
</assign>
<msg timestamp="20201203 09:53:33.436" level="INFO">${value} = BÓNG ĐÁ</msg>
<status status="PASS" starttime="20201203 09:53:32.885" endtime="20201203 09:53:33.436"></status>
</kw>
<kw name="Append To List" library="Collections">
<doc>Adds ``values`` to the end of ``list``.</doc>
<arguments>
<arg>${actual_list}</arg>
<arg>${value}</arg>
</arguments>
<status status="PASS" starttime="20201203 09:53:33.436" endtime="20201203 09:53:33.436"></status>
</kw>
<status status="PASS" starttime="20201203 09:53:32.884" endtime="20201203 09:53:33.436"></status>
</kw>
<kw name="${index} = 2" type="foritem">
<kw name="Get Text" library="SeleniumLibrary">
<doc>Returns the text value of the element identified by ``locator``.</doc>
<arguments>
<arg>//header[@id='headerd']//li[@class='rlt'][${index}]</arg>
</arguments>
<assign>
<var>${value}</var>
</assign>
<msg timestamp="20201203 09:53:33.460" level="INFO">${value} = KINH DOANH</msg>
<status status="PASS" starttime="20201203 09:53:33.436" endtime="20201203 09:53:33.460"></status>
</kw>
<kw name="Append To List" library="Collections">
<doc>Adds ``values`` to the end of ``list``.</doc>
<arguments>
<arg>${actual_list}</arg>
<arg>${value}</arg>
</arguments>
<status status="PASS" starttime="20201203 09:53:33.461" endtime="20201203 09:53:33.461"></status>
</kw>
<status status="PASS" starttime="20201203 09:53:33.436" endtime="20201203 09:53:33.461"></status>
</kw>
<kw name="${index} = 3" type="foritem">
<kw name="Get Text" library="SeleniumLibrary">
<doc>Returns the text value of the element identified by ``locator``.</doc>
<arguments>
<arg>//header[@id='headerd']//li[@class='rlt'][${index}]</arg>
</arguments>
<assign>
<var>${value}</var>
</assign>
<msg timestamp="20201203 09:53:33.513" level="INFO">${value} = THỊ TRƯỜNG</msg>
<status status="PASS" starttime="20201203 09:53:33.461" endtime="20201203 09:53:33.513"></status>
</kw>
<kw name="Append To List" library="Collections">
<doc>Adds ``values`` to the end of ``list``.</doc>
<arguments>
<arg>${actual_list}</arg>
<arg>${value}</arg>
</arguments>
<status status="PASS" starttime="20201203 09:53:33.513" endtime="20201203 09:53:33.514"></status>
</kw>
<status status="PASS" starttime="20201203 09:53:33.461" endtime="20201203 09:53:33.514"></status>
</kw>
<kw name="${index} = 4" type="foritem">
<kw name="Get Text" library="SeleniumLibrary">
<doc>Returns the text value of the element identified by ``locator``.</doc>
<arguments>
<arg>//header[@id='headerd']//li[@class='rlt'][${index}]</arg>
</arguments>
<assign>
<var>${value}</var>
</assign>
<msg timestamp="20201203 09:53:33.540" level="INFO">${value} = SỨC KHỎE</msg>
<status status="PASS" starttime="20201203 09:53:33.514" endtime="20201203 09:53:33.540"></status>
</kw>
<kw name="Append To List" library="Collections">
<doc>Adds ``values`` to the end of ``list``.</doc>
<arguments>
<arg>${actual_list}</arg>
<arg>${value}</arg>
</arguments>
<status status="PASS" starttime="20201203 09:53:33.540" endtime="20201203 09:53:33.540"></status>
</kw>
<status status="PASS" starttime="20201203 09:53:33.514" endtime="20201203 09:53:33.540"></status>
</kw>
<kw name="${index} = 5" type="foritem">
<kw name="Get Text" library="SeleniumLibrary">
<doc>Returns the text value of the element identified by ``locator``.</doc>
<arguments>
<arg>//header[@id='headerd']//li[@class='rlt'][${index}]</arg>
</arguments>
<assign>
<var>${value}</var>
</assign>
<msg timestamp="20201203 09:53:33.571" level="INFO">${value} = HI-TECH</msg>
<status status="PASS" starttime="20201203 09:53:33.541" endtime="20201203 09:53:33.571"></status>
</kw>
<kw name="Append To List" library="Collections">
<doc>Adds ``values`` to the end of ``list``.</doc>
<arguments>
<arg>${actual_list}</arg>
<arg>${value}</arg>
</arguments>
<status status="PASS" starttime="20201203 09:53:33.571" endtime="20201203 09:53:33.572"></status>
</kw>
<status status="PASS" starttime="20201203 09:53:33.541" endtime="20201203 09:53:33.572"></status>
</kw>
<kw name="${index} = 6" type="foritem">
<kw name="Get Text" library="SeleniumLibrary">
<doc>Returns the text value of the element identified by ``locator``.</doc>
<arguments>
<arg>//header[@id='headerd']//li[@class='rlt'][${index}]</arg>
</arguments>
<assign>
<var>${value}</var>
</assign>
<msg timestamp="20201203 09:53:33.607" level="INFO">${value} = SHOWBIZ</msg>
<status status="PASS" starttime="20201203 09:53:33.572" endtime="20201203 09:53:33.607"></status>
</kw>
<kw name="Append To List" library="Collections">
<doc>Adds ``values`` to the end of ``list``.</doc>
<arguments>
<arg>${actual_list}</arg>
<arg>${value}</arg>
</arguments>
<status status="PASS" starttime="20201203 09:53:33.608" endtime="20201203 09:53:33.608"></status>
</kw>
<status status="PASS" starttime="20201203 09:53:33.572" endtime="20201203 09:53:33.608"></status>
</kw>
<kw name="${index} = 7" type="foritem">
<kw name="Get Text" library="SeleniumLibrary">
<doc>Returns the text value of the element identified by ``locator``.</doc>
<arguments>
<arg>//header[@id='headerd']//li[@class='rlt'][${index}]</arg>
</arguments>
<assign>
<var>${value}</var>
</assign>
<msg timestamp="20201203 09:53:33.647" level="INFO">${value} = THẾ GIỚI</msg>
<status status="PASS" starttime="20201203 09:53:33.608" endtime="20201203 09:53:33.647"></status>
</kw>
<kw name="Append To List" library="Collections">
<doc>Adds ``values`` to the end of ``list``.</doc>
<arguments>
<arg>${actual_list}</arg>
<arg>${value}</arg>
</arguments>
<status status="PASS" starttime="20201203 09:53:33.647" endtime="20201203 09:53:33.647"></status>
</kw>
<status status="PASS" starttime="20201203 09:53:33.608" endtime="20201203 09:53:33.647"></status>
</kw>
<kw name="${index} = 8" type="foritem">
<kw name="Get Text" library="SeleniumLibrary">
<doc>Returns the text value of the element identified by ``locator``.</doc>
<arguments>
<arg>//header[@id='headerd']//li[@class='rlt'][${index}]</arg>
</arguments>
<assign>
<var>${value}</var>
</assign>
<msg timestamp="20201203 09:53:33.669" level="INFO">${value} = PHÁI ĐẸP</msg>
<status status="PASS" starttime="20201203 09:53:33.648" endtime="20201203 09:53:33.669"></status>
</kw>
<kw name="Append To List" library="Collections">
<doc>Adds ``values`` to the end of ``list``.</doc>
<arguments>
<arg>${actual_list}</arg>
<arg>${value}</arg>
</arguments>
<status status="PASS" starttime="20201203 09:53:33.669" endtime="20201203 09:53:33.670"></status>
</kw>
<status status="PASS" starttime="20201203 09:53:33.648" endtime="20201203 09:53:33.670"></status>
</kw>
<kw name="${index} = 9" type="foritem">
<kw name="Get Text" library="SeleniumLibrary">
<doc>Returns the text value of the element identified by ``locator``.</doc>
<arguments>
<arg>//header[@id='headerd']//li[@class='rlt'][${index}]</arg>
</arguments>
<assign>
<var>${value}</var>
</assign>
<msg timestamp="20201203 09:53:33.691" level="INFO">${value} = THỂ THAO</msg>
<status status="PASS" starttime="20201203 09:53:33.670" endtime="20201203 09:53:33.691"></status>
</kw>
<kw name="Append To List" library="Collections">
<doc>Adds ``values`` to the end of ``list``.</doc>
<arguments>
<arg>${actual_list}</arg>
<arg>${value}</arg>
</arguments>
<status status="PASS" starttime="20201203 09:53:33.691" endtime="20201203 09:53:33.691"></status>
</kw>
<status status="PASS" starttime="20201203 09:53:33.670" endtime="20201203 09:53:33.691"></status>
</kw>
<kw name="${index} = 10" type="foritem">
<kw name="Get Text" library="SeleniumLibrary">
<doc>Returns the text value of the element identified by ``locator``.</doc>
<arguments>
<arg>//header[@id='headerd']//li[@class='rlt'][${index}]</arg>
</arguments>
<assign>
<var>${value}</var>
</assign>
<msg timestamp="20201203 09:53:33.717" level="INFO">${value} = NGOẠI HẠNG ANH</msg>
<status status="PASS" starttime="20201203 09:53:33.691" endtime="20201203 09:53:33.717"></status>
</kw>
<kw name="Append To List" library="Collections">
<doc>Adds ``values`` to the end of ``list``.</doc>
<arguments>
<arg>${actual_list}</arg>
<arg>${value}</arg>
</arguments>
<status status="PASS" starttime="20201203 09:53:33.717" endtime="20201203 09:53:33.718"></status>
</kw>
<status status="PASS" starttime="20201203 09:53:33.691" endtime="20201203 09:53:33.718"></status>
</kw>
<kw name="${index} = 11" type="foritem">
<kw name="Get Text" library="SeleniumLibrary">
<doc>Returns the text value of the element identified by ``locator``.</doc>
<arguments>
<arg>//header[@id='headerd']//li[@class='rlt'][${index}]</arg>
</arguments>
<assign>
<var>${value}</var>
</assign>
<msg timestamp="20201203 09:53:33.740" level="INFO">${value} = XEM LỊCH</msg>
<status status="PASS" starttime="20201203 09:53:33.718" endtime="20201203 09:53:33.740"></status>
</kw>
<kw name="Append To List" library="Collections">
<doc>Adds ``values`` to the end of ``list``.</doc>
<arguments>
<arg>${actual_list}</arg>
<arg>${value}</arg>
</arguments>
<status status="PASS" starttime="20201203 09:53:33.740" endtime="20201203 09:53:33.741"></status>
</kw>
<status status="PASS" starttime="20201203 09:53:33.718" endtime="20201203 09:53:33.741"></status>
</kw>
<status status="PASS" starttime="20201203 09:53:32.884" endtime="20201203 09:53:33.741"></status>
</kw>
<kw name="Log To Console" library="BuiltIn">
<doc>Logs the given message to the console.</doc>
<arguments>
<arg>\nMenu: ${actual_list}</arg>
</arguments>
<status status="PASS" starttime="20201203 09:53:33.741" endtime="20201203 09:53:33.741"></status>
</kw>
<kw name="[KW] - Compare Two List" library="equal_list">
<arguments>
<arg>${actual_list}</arg>
<arg>${expected_list}</arg>
</arguments>
<kw name="Lists Should Be Equal" library="Collections">
<doc>Fails if given lists are unequal.</doc>
<arguments>
<arg>${list1}</arg>
<arg>${list2}</arg>
<arg>2 Lists are not Same</arg>
</arguments>
<status status="PASS" starttime="20201203 09:53:33.742" endtime="20201203 09:53:33.742"></status>
</kw>
<status status="PASS" starttime="20201203 09:53:33.741" endtime="20201203 09:53:33.742"></status>
</kw>
<kw name="[Common] - Close browser" library="web_common" type="teardown">
<kw name="Close Browser" library="SeleniumLibrary">
<doc>Closes the current browser.</doc>
<status status="PASS" starttime="20201203 09:53:33.743" endtime="20201203 09:53:37.932"></status>
</kw>
<status status="PASS" starttime="20201203 09:53:33.742" endtime="20201203 09:53:37.932"></status>
</kw>
<status status="PASS" starttime="20201203 09:53:23.576" endtime="20201203 09:53:37.933" critical="yes"></status>
</test>
<test id="s1-t2" name="Test Using Get Web Elements">
<kw name="[Common] - Open browser" library="web_common" type="setup">
<arguments>
<arg>${url}</arg>
<arg>${browser}</arg>
</arguments>
<kw name="Open Browser" library="SeleniumLibrary">
<doc>Opens a new browser instance to the optional ``url``.</doc>
<arguments>
<arg>${url}</arg>
<arg>${browser}</arg>
</arguments>
<msg timestamp="20201203 09:53:37.935" level="INFO">Opening browser 'chrome' to base url 'https://www.24h.com.vn'.</msg>
<status status="PASS" starttime="20201203 09:53:37.935" endtime="20201203 09:53:45.134"></status>
</kw>
<kw name="Maximize Browser Window" library="SeleniumLibrary">
<doc>Maximizes current browser window.</doc>
<status status="PASS" starttime="20201203 09:53:45.134" endtime="20201203 09:53:47.248"></status>
</kw>
<status status="PASS" starttime="20201203 09:53:37.934" endtime="20201203 09:53:47.248"></status>
</kw>
<kw name="[KW] - Get header menu using get web elements" library="get_menu">
<assign>
<var>${actual_list}</var>
</assign>
<kw name="Create List" library="BuiltIn">
<doc>Returns a list containing given items.</doc>
<assign>
<var>${actual_list}</var>
</assign>
<msg timestamp="20201203 09:53:47.250" level="INFO">${actual_list} = []</msg>
<status status="PASS" starttime="20201203 09:53:47.250" endtime="20201203 09:53:47.250"></status>
</kw>
<kw name="Get WebElements" library="SeleniumLibrary">
<doc>Returns a list of WebElement objects matching the ``locator``.</doc>
<arguments>
<arg>//header[@id='headerd']//li[@class='rlt']</arg>
</arguments>
<assign>
<var>@{menu_header}</var>
</assign>
<msg timestamp="20201203 09:53:47.286" level="INFO">@{menu_header} = [ &lt;selenium.webdriver.remote.webelement.WebElement (session="01d3e4980b2038fb111eb717a231e178", element="0.441863313867509-1")&gt; | &lt;selenium.webdriver.remote.webelement.WebElement (session="01d3e4980b2...</msg>
<status status="PASS" starttime="20201203 09:53:47.250" endtime="20201203 09:53:47.286"></status>
</kw>
<kw name="${index} IN [ @{menu_header} ]" type="for">
<kw name="${index} = &lt;selenium.webdriver.remote.webelement.WebElement (session=&quot;01d3e4980b2038fb111eb717a231e178&quot;, element=&quot;0.441863313867509-1&quot;)&gt;" type="foritem">
<kw name="Get Text" library="SeleniumLibrary">
<doc>Returns the text value of the element identified by ``locator``.</doc>
<arguments>
<arg>${index}</arg>
</arguments>
<assign>
<var>${value}</var>
</assign>
<msg timestamp="20201203 09:53:47.309" level="INFO">${value} = BÓNG ĐÁ</msg>
<status status="PASS" starttime="20201203 09:53:47.286" endtime="20201203 09:53:47.310"></status>
</kw>
<kw name="Append To List" library="Collections">
<doc>Adds ``values`` to the end of ``list``.</doc>
<arguments>
<arg>${actual_list}</arg>
<arg>${value}</arg>
</arguments>
<status status="PASS" starttime="20201203 09:53:47.310" endtime="20201203 09:53:47.311"></status>
</kw>
<status status="PASS" starttime="20201203 09:53:47.286" endtime="20201203 09:53:47.311"></status>
</kw>
<kw name="${index} = &lt;selenium.webdriver.remote.webelement.WebElement (session=&quot;01d3e4980b2038fb111eb717a231e178&quot;, element=&quot;0.441863313867509-2&quot;)&gt;" type="foritem">
<kw name="Get Text" library="SeleniumLibrary">
<doc>Returns the text value of the element identified by ``locator``.</doc>
<arguments>
<arg>${index}</arg>
</arguments>
<assign>
<var>${value}</var>
</assign>
<msg timestamp="20201203 09:53:47.331" level="INFO">${value} = KINH DOANH</msg>
<status status="PASS" starttime="20201203 09:53:47.311" endtime="20201203 09:53:47.332"></status>
</kw>
<kw name="Append To List" library="Collections">
<doc>Adds ``values`` to the end of ``list``.</doc>
<arguments>
<arg>${actual_list}</arg>
<arg>${value}</arg>
</arguments>
<status status="PASS" starttime="20201203 09:53:47.332" endtime="20201203 09:53:47.332"></status>
</kw>
<status status="PASS" starttime="20201203 09:53:47.311" endtime="20201203 09:53:47.332"></status>
</kw>
<kw name="${index} = &lt;selenium.webdriver.remote.webelement.WebElement (session=&quot;01d3e4980b2038fb111eb717a231e178&quot;, element=&quot;0.441863313867509-3&quot;)&gt;" type="foritem">
<kw name="Get Text" library="SeleniumLibrary">
<doc>Returns the text value of the element identified by ``locator``.</doc>
<arguments>
<arg>${index}</arg>
</arguments>
<assign>
<var>${value}</var>
</assign>
<msg timestamp="20201203 09:53:47.355" level="INFO">${value} = THỊ TRƯỜNG</msg>
<status status="PASS" starttime="20201203 09:53:47.332" endtime="20201203 09:53:47.355"></status>
</kw>
<kw name="Append To List" library="Collections">
<doc>Adds ``values`` to the end of ``list``.</doc>
<arguments>
<arg>${actual_list}</arg>
<arg>${value}</arg>
</arguments>
<status status="PASS" starttime="20201203 09:53:47.356" endtime="20201203 09:53:47.357"></status>
</kw>
<status status="PASS" starttime="20201203 09:53:47.332" endtime="20201203 09:53:47.357"></status>
</kw>
<kw name="${index} = &lt;selenium.webdriver.remote.webelement.WebElement (session=&quot;01d3e4980b2038fb111eb717a231e178&quot;, element=&quot;0.441863313867509-4&quot;)&gt;" type="foritem">
<kw name="Get Text" library="SeleniumLibrary">
<doc>Returns the text value of the element identified by ``locator``.</doc>
<arguments>
<arg>${index}</arg>
</arguments>
<assign>
<var>${value}</var>
</assign>
<msg timestamp="20201203 09:53:47.386" level="INFO">${value} = SỨC KHỎE</msg>
<status status="PASS" starttime="20201203 09:53:47.357" endtime="20201203 09:53:47.386"></status>
</kw>
<kw name="Append To List" library="Collections">
<doc>Adds ``values`` to the end of ``list``.</doc>
<arguments>
<arg>${actual_list}</arg>
<arg>${value}</arg>
</arguments>
<status status="PASS" starttime="20201203 09:53:47.386" endtime="20201203 09:53:47.386"></status>
</kw>
<status status="PASS" starttime="20201203 09:53:47.357" endtime="20201203 09:53:47.386"></status>
</kw>
<kw name="${index} = &lt;selenium.webdriver.remote.webelement.WebElement (session=&quot;01d3e4980b2038fb111eb717a231e178&quot;, element=&quot;0.441863313867509-5&quot;)&gt;" type="foritem">
<kw name="Get Text" library="SeleniumLibrary">
<doc>Returns the text value of the element identified by ``locator``.</doc>
<arguments>
<arg>${index}</arg>
</arguments>
<assign>
<var>${value}</var>
</assign>
<msg timestamp="20201203 09:53:47.416" level="INFO">${value} = HI-TECH</msg>
<status status="PASS" starttime="20201203 09:53:47.387" endtime="20201203 09:53:47.416"></status>
</kw>
<kw name="Append To List" library="Collections">
<doc>Adds ``values`` to the end of ``list``.</doc>
<arguments>
<arg>${actual_list}</arg>
<arg>${value}</arg>
</arguments>
<status status="PASS" starttime="20201203 09:53:47.416" endtime="20201203 09:53:47.416"></status>
</kw>
<status status="PASS" starttime="20201203 09:53:47.386" endtime="20201203 09:53:47.416"></status>
</kw>
<kw name="${index} = &lt;selenium.webdriver.remote.webelement.WebElement (session=&quot;01d3e4980b2038fb111eb717a231e178&quot;, element=&quot;0.441863313867509-6&quot;)&gt;" type="foritem">
<kw name="Get Text" library="SeleniumLibrary">
<doc>Returns the text value of the element identified by ``locator``.</doc>
<arguments>
<arg>${index}</arg>
</arguments>
<assign>
<var>${value}</var>
</assign>
<msg timestamp="20201203 09:53:47.460" level="INFO">${value} = SHOWBIZ</msg>
<status status="PASS" starttime="20201203 09:53:47.416" endtime="20201203 09:53:47.460"></status>
</kw>
<kw name="Append To List" library="Collections">
<doc>Adds ``values`` to the end of ``list``.</doc>
<arguments>
<arg>${actual_list}</arg>
<arg>${value}</arg>
</arguments>
<status status="PASS" starttime="20201203 09:53:47.460" endtime="20201203 09:53:47.460"></status>
</kw>
<status status="PASS" starttime="20201203 09:53:47.416" endtime="20201203 09:53:47.460"></status>
</kw>
<kw name="${index} = &lt;selenium.webdriver.remote.webelement.WebElement (session=&quot;01d3e4980b2038fb111eb717a231e178&quot;, element=&quot;0.441863313867509-7&quot;)&gt;" type="foritem">
<kw name="Get Text" library="SeleniumLibrary">
<doc>Returns the text value of the element identified by ``locator``.</doc>
<arguments>
<arg>${index}</arg>
</arguments>
<assign>
<var>${value}</var>
</assign>
<msg timestamp="20201203 09:53:47.509" level="INFO">${value} = THẾ GIỚI</msg>
<status status="PASS" starttime="20201203 09:53:47.461" endtime="20201203 09:53:47.510"></status>
</kw>
<kw name="Append To List" library="Collections">
<doc>Adds ``values`` to the end of ``list``.</doc>
<arguments>
<arg>${actual_list}</arg>
<arg>${value}</arg>
</arguments>
<status status="PASS" starttime="20201203 09:53:47.510" endtime="20201203 09:53:47.510"></status>
</kw>
<status status="PASS" starttime="20201203 09:53:47.461" endtime="20201203 09:53:47.510"></status>
</kw>
<kw name="${index} = &lt;selenium.webdriver.remote.webelement.WebElement (session=&quot;01d3e4980b2038fb111eb717a231e178&quot;, element=&quot;0.441863313867509-8&quot;)&gt;" type="foritem">
<kw name="Get Text" library="SeleniumLibrary">
<doc>Returns the text value of the element identified by ``locator``.</doc>
<arguments>
<arg>${index}</arg>
</arguments>
<assign>
<var>${value}</var>
</assign>
<msg timestamp="20201203 09:53:47.645" level="INFO">${value} = PHÁI ĐẸP</msg>
<status status="PASS" starttime="20201203 09:53:47.510" endtime="20201203 09:53:47.645"></status>
</kw>
<kw name="Append To List" library="Collections">
<doc>Adds ``values`` to the end of ``list``.</doc>
<arguments>
<arg>${actual_list}</arg>
<arg>${value}</arg>
</arguments>
<status status="PASS" starttime="20201203 09:53:47.645" endtime="20201203 09:53:47.645"></status>
</kw>
<status status="PASS" starttime="20201203 09:53:47.510" endtime="20201203 09:53:47.645"></status>
</kw>
<kw name="${index} = &lt;selenium.webdriver.remote.webelement.WebElement (session=&quot;01d3e4980b2038fb111eb717a231e178&quot;, element=&quot;0.441863313867509-9&quot;)&gt;" type="foritem">
<kw name="Get Text" library="SeleniumLibrary">
<doc>Returns the text value of the element identified by ``locator``.</doc>
<arguments>
<arg>${index}</arg>
</arguments>
<assign>
<var>${value}</var>
</assign>
<msg timestamp="20201203 09:53:47.660" level="INFO">${value} = THỂ THAO</msg>
<status status="PASS" starttime="20201203 09:53:47.645" endtime="20201203 09:53:47.660"></status>
</kw>
<kw name="Append To List" library="Collections">
<doc>Adds ``values`` to the end of ``list``.</doc>
<arguments>
<arg>${actual_list}</arg>
<arg>${value}</arg>
</arguments>
<status status="PASS" starttime="20201203 09:53:47.660" endtime="20201203 09:53:47.661"></status>
</kw>
<status status="PASS" starttime="20201203 09:53:47.645" endtime="20201203 09:53:47.661"></status>
</kw>
<kw name="${index} = &lt;selenium.webdriver.remote.webelement.WebElement (session=&quot;01d3e4980b2038fb111eb717a231e178&quot;, element=&quot;0.441863313867509-10&quot;)&gt;" type="foritem">
<kw name="Get Text" library="SeleniumLibrary">
<doc>Returns the text value of the element identified by ``locator``.</doc>
<arguments>
<arg>${index}</arg>
</arguments>
<assign>
<var>${value}</var>
</assign>
<msg timestamp="20201203 09:53:47.675" level="INFO">${value} = NGOẠI HẠNG ANH</msg>
<status status="PASS" starttime="20201203 09:53:47.661" endtime="20201203 09:53:47.675"></status>
</kw>
<kw name="Append To List" library="Collections">
<doc>Adds ``values`` to the end of ``list``.</doc>
<arguments>
<arg>${actual_list}</arg>
<arg>${value}</arg>
</arguments>
<status status="PASS" starttime="20201203 09:53:47.675" endtime="20201203 09:53:47.676"></status>
</kw>
<status status="PASS" starttime="20201203 09:53:47.661" endtime="20201203 09:53:47.676"></status>
</kw>
<kw name="${index} = &lt;selenium.webdriver.remote.webelement.WebElement (session=&quot;01d3e4980b2038fb111eb717a231e178&quot;, element=&quot;0.441863313867509-11&quot;)&gt;" type="foritem">
<kw name="Get Text" library="SeleniumLibrary">
<doc>Returns the text value of the element identified by ``locator``.</doc>
<arguments>
<arg>${index}</arg>
</arguments>
<assign>
<var>${value}</var>
</assign>
<msg timestamp="20201203 09:53:47.687" level="INFO">${value} = XEM LỊCH</msg>
<status status="PASS" starttime="20201203 09:53:47.676" endtime="20201203 09:53:47.687"></status>
</kw>
<kw name="Append To List" library="Collections">
<doc>Adds ``values`` to the end of ``list``.</doc>
<arguments>
<arg>${actual_list}</arg>
<arg>${value}</arg>
</arguments>
<status status="PASS" starttime="20201203 09:53:47.688" endtime="20201203 09:53:47.688"></status>
</kw>
<status status="PASS" starttime="20201203 09:53:47.676" endtime="20201203 09:53:47.688"></status>
</kw>
<status status="PASS" starttime="20201203 09:53:47.286" endtime="20201203 09:53:47.688"></status>
</kw>
<msg timestamp="20201203 09:53:47.689" level="INFO">${actual_list} = ['BÓNG ĐÁ', 'KINH DOANH', 'THỊ TRƯỜNG', 'SỨC KHỎE', 'HI-TECH', 'SHOWBIZ', 'THẾ GIỚI', 'PHÁI ĐẸP', 'THỂ THAO', 'NGOẠI HẠNG ANH', 'XEM LỊCH']</msg>
<status status="PASS" starttime="20201203 09:53:47.249" endtime="20201203 09:53:47.689"></status>
</kw>
<kw name="[Common] - Get list length" library="web_common">
<arguments>
<arg>${actual_list}</arg>
</arguments>
<assign>
<var>${length_list}</var>
</assign>
<kw name="Get Length" library="BuiltIn">
<doc>Returns and logs the length of the given item as an integer.</doc>
<arguments>
<arg>${list}</arg>
</arguments>
<assign>
<var>${length}</var>
</assign>
<msg timestamp="20201203 09:53:47.692" level="INFO">Length is 11</msg>
<msg timestamp="20201203 09:53:47.692" level="INFO">${length} = 11</msg>
<status status="PASS" starttime="20201203 09:53:47.692" endtime="20201203 09:53:47.692"></status>
</kw>
<msg timestamp="20201203 09:53:47.692" level="INFO">${length_list} = 11</msg>
<status status="PASS" starttime="20201203 09:53:47.691" endtime="20201203 09:53:47.692"></status>
</kw>
<kw name="Log To Console" library="BuiltIn">
<doc>Logs the given message to the console.</doc>
<arguments>
<arg>\nLength_menu: ${length_list}</arg>
</arguments>
<status status="PASS" starttime="20201203 09:53:47.693" endtime="20201203 09:53:47.694"></status>
</kw>
<kw name="Log To Console" library="BuiltIn">
<doc>Logs the given message to the console.</doc>
<arguments>
<arg>\nActual:${actual_list}</arg>
</arguments>
<status status="PASS" starttime="20201203 09:53:47.694" endtime="20201203 09:53:47.698"></status>
</kw>
<kw name="Log To Console" library="BuiltIn">
<doc>Logs the given message to the console.</doc>
<arguments>
<arg>\nExpected: ${expected_list}</arg>
</arguments>
<status status="PASS" starttime="20201203 09:53:47.698" endtime="20201203 09:53:47.700"></status>
</kw>
<kw name="[KW] - Compare Two List" library="equal_list">
<arguments>
<arg>${actual_list}</arg>
<arg>${expected_list}</arg>
</arguments>
<kw name="Lists Should Be Equal" library="Collections">
<doc>Fails if given lists are unequal.</doc>
<arguments>
<arg>${list1}</arg>
<arg>${list2}</arg>
<arg>2 Lists are not Same</arg>
</arguments>
<status status="PASS" starttime="20201203 09:53:47.701" endtime="20201203 09:53:47.701"></status>
</kw>
<status status="PASS" starttime="20201203 09:53:47.700" endtime="20201203 09:53:47.701"></status>
</kw>
<kw name="[Common] - Close browser" library="web_common" type="teardown">
<kw name="Close Browser" library="SeleniumLibrary">
<doc>Closes the current browser.</doc>
<status status="PASS" starttime="20201203 09:53:47.702" endtime="20201203 09:53:51.855"></status>
</kw>
<status status="PASS" starttime="20201203 09:53:47.702" endtime="20201203 09:53:51.855"></status>
</kw>
<status status="PASS" starttime="20201203 09:53:37.934" endtime="20201203 09:53:51.856" critical="yes"></status>
</test>
<status status="PASS" starttime="20201203 09:53:23.421" endtime="20201203 09:53:51.857"></status>
</suite>
<statistics>
<total>
<stat pass="2" fail="0">Critical Tests</stat>
<stat pass="2" fail="0">All Tests</stat>
</total>
<tag>
</tag>
<suite>
<stat pass="2" fail="0" id="s1" name="Test">Test</stat>
</suite>
</statistics>
<errors>
</errors>
</robot>
